<?xml version="1.0" encoding="UTF-8"?>
<!-- Generated by org.testng.reporters.JUnitXMLReporter -->
<testsuite ignored="0" hostname="LAPTOP-LH52QS4R" failures="0" tests="8" name="Default test" time="0.452" errors="0" timestamp="2022-09-05T21:48:54 AST">
  <testcase classname="StoredProceduresTesting.SP_MySQL_Testing" name="test_Stored_Procedure_Exist" time="0.021"/>
  <testcase classname="StoredProceduresTesting.SP_MySQL_Testing" name="test_SelectAllCustomers" time="0.026"/>
  <testcase classname="StoredProceduresTesting.SP_MySQL_Testing" name="test_CustomerAndAccountType" time="0.012"/>
  <testcase classname="StoredProceduresTesting.SP_MySQL_Testing" name="test_Valid_LogIn_Data" time="0.011"/>
  <testcase classname="StoredProceduresTesting.SP_MySQL_Testing" name="test_Invalid_UserName_LogIn_Data" time="0.008"/>
  <testcase classname="StoredProceduresTesting.SP_MySQL_Testing" name="test_Invalid_Pass_LogIn_Data" time="0.006"/>
  <testcase classname="StoredProceduresTesting.SP_MySQL_Testing" name="test_Invalid_UserNameandPass_LogIn_Data" time="0.007"/>
  <testcase classname="StoredProceduresTesting.SP_MySQL_Testing" name="test_Invalid_Stored_Procedure_Name" time="0.003"/>
</testsuite> <!-- Default test -->
