<?xml version="1.0" encoding="UTF-8"?>
<testng-results ignored="0" total="1" passed="1" failed="0" skipped="0">
  <reporter-output>
  </reporter-output>
  <suite started-at="2022-08-26T15:51:40 AST" name="Default suite" finished-at="2022-08-26T15:52:40 AST" duration-ms="59829">
    <groups>
    </groups>
    <test started-at="2022-08-26T15:51:40 AST" name="Default test" finished-at="2022-08-26T15:52:40 AST" duration-ms="59829">
      <class name="dBAndSelenium.DatabaseTestingUsingSelenium">
        <test-method signature="databaseTestingUsingSelenium()[pri:0, instance:dBAndSelenium.DatabaseTestingUsingSelenium@418e7838]" started-at="2022-08-26T15:51:40 AST" name="databaseTestingUsingSelenium" finished-at="2022-08-26T15:52:40 AST" duration-ms="59794" status="PASS">
          <reporter-output>
          </reporter-output>
        </test-method> <!-- databaseTestingUsingSelenium -->
      </class> <!-- dBAndSelenium.DatabaseTestingUsingSelenium -->
    </test> <!-- Default test -->
  </suite> <!-- Default suite -->
</testng-results>
